This file contains any messages produced by compilers while
running configure, to aid debugging if configure makes a mistake.

It was created by libsecp256k1 configure 0.1, which was
generated by GNU Autoconf 2.69.  Invocation command line was

  $ ./configure --disable-option-checking --prefix=/ --without-miniupnpc --disable-asm --disable-miner --disable-tests --disable-bench --disable-shared --with-pic --with-bignum=no --enable-module-recovery --disable-jni --cache-file=/dev/null --srcdir=.

## --------- ##
## Platform. ##
## --------- ##

hostname = vultr.guest
uname -m = x86_64
uname -r = 4.15.0-112-generic
uname -s = Linux
uname -v = #113-Ubuntu SMP Thu Jul 9 23:41:39 UTC 2020

/usr/bin/uname -p = unknown
/bin/uname -X     = unknown

/bin/arch              = unknown
/usr/bin/arch -k       = unknown
/usr/convex/getsysinfo = unknown
/usr/bin/hostinfo      = unknown
/bin/machine           = unknown
/usr/bin/oslevel       = unknown
/bin/universe          = unknown

PATH: /root/dash/depends/x86_64-apple-darwin11/share/../native/bin
PATH: /usr/local/sbin
PATH: /usr/local/bin
PATH: /usr/sbin
PATH: /usr/bin
PATH: /sbin
PATH: /bin
PATH: /usr/games
PATH: /usr/local/games
PATH: /snap/bin


## ----------- ##
## Core tests. ##
## ----------- ##

configure:2279: loading site script /root/dash/depends/x86_64-apple-darwin11/share/config.site
| depends_prefix="`dirname ${ac_site_file}`/.."
| 
| cross_compiling=maybe
| host_alias=x86_64-apple-darwin11
| ac_tool_prefix=${host_alias}-
| 
| if test -z $with_boost; then
|   with_boost=$depends_prefix
| fi
| if test -z $with_qt_plugindir; then
|   with_qt_plugindir=$depends_prefix/plugins
| fi
| if test -z $with_qt_translationdir; then
|   with_qt_translationdir=$depends_prefix/translations
| fi
| if test -z $with_qt_bindir; then
|   with_qt_bindir=$depends_prefix/native/bin
| fi
| if test -z $with_protoc_bindir; then
|   with_protoc_bindir=$depends_prefix/native/bin
| fi
| 
| 
| if test -z $enable_wallet && test -n ""; then
|   enable_wallet=no
| fi
| 
| if test -z $with_miniupnpc && test -n ""; then
|   with_miniupnpc=no
| fi
| 
| if test -z $with_gui && test -n ""; then
|   with_gui=no
| fi
| 
| if test xdarwin = xdarwin; then
|   BREW=no
|   PORT=no
| fi
| 
| if test xdarwin = xmingw32; then
|   if test -z $with_qt_incdir; then
|     with_qt_incdir=$depends_prefix/include
|   fi
|   if test -z $with_qt_libdir; then
|     with_qt_libdir=$depends_prefix/lib
|   fi
| fi
| 
| PATH=$depends_prefix/native/bin:$PATH
| PKG_CONFIG="`which pkg-config` --static"
| 
| # These two need to remain exported because pkg-config does not see them
| # otherwise. That means they must be unexported at the end of configure.ac to
| # avoid ruining the cache. Sigh.
| 
| export PKG_CONFIG_LIBDIR=$depends_prefix/lib/pkgconfig
| export PKG_CONFIG_PATH=$depends_prefix/share/pkgconfig
| 
| CPPFLAGS="-I$depends_prefix/include/ $CPPFLAGS"
| LDFLAGS="-L$depends_prefix/lib $LDFLAGS"
| 
| CC="/root/dash/depends/x86_64-apple-darwin11/native/bin/clang -target x86_64-apple-darwin11 -mmacosx-version-min=10.8 --sysroot /root/dash/depends/SDKs/MacOSX10.11.sdk -mlinker-version=253.9"
| CXX="/root/dash/depends/x86_64-apple-darwin11/native/bin/clang++ -target x86_64-apple-darwin11 -mmacosx-version-min=10.8 --sysroot /root/dash/depends/SDKs/MacOSX10.11.sdk -mlinker-version=253.9 -stdlib=libc++"
| OBJC="${CC}"
| PYTHONPATH=$depends_prefix/native/lib/python/dist-packages:$PYTHONPATH
| 
| if test -n "/root/dash/depends/x86_64-apple-darwin11/native/bin/x86_64-apple-darwin11-ar"; then
|   AR=/root/dash/depends/x86_64-apple-darwin11/native/bin/x86_64-apple-darwin11-ar
|   ac_cv_path_ac_pt_AR=${AR}
| fi
| 
| if test -n "/root/dash/depends/x86_64-apple-darwin11/native/bin/x86_64-apple-darwin11-ranlib"; then
|   RANLIB=/root/dash/depends/x86_64-apple-darwin11/native/bin/x86_64-apple-darwin11-ranlib
|   ac_cv_path_ac_pt_RANLIB=${RANLIB}
| fi
| 
| if test -n "/root/dash/depends/x86_64-apple-darwin11/native/bin/x86_64-apple-darwin11-nm"; then
|   NM=/root/dash/depends/x86_64-apple-darwin11/native/bin/x86_64-apple-darwin11-nm
|   ac_cv_path_ac_pt_NM=${NM}
| fi
| 
| if test -n ""; then
|   enable_reduce_exports=no
| fi
| 
| if test -n "-pipe -O2"; then
|   CFLAGS="-pipe -O2 $CFLAGS"
| fi
| if test -n "-pipe -O2"; then
|   CXXFLAGS="-pipe -O2 $CXXFLAGS"
| fi
| if test -n ""; then
|   CPPFLAGS=" $CPPFLAGS"
| fi
| if test -n ""; then
|   LDFLAGS=" $LDFLAGS"
| fi
configure:2409: checking build system type
configure:2423: result: x86_64-pc-linux-gnu
configure:2443: checking host system type
configure:2456: result: x86_64-apple-darwin11
configure:2495: checking for a BSD-compatible install
configure:2563: result: /usr/bin/install -c
configure:2574: checking whether build environment is sane
configure:2629: result: yes
configure:2688: checking for x86_64-apple-darwin11-strip
configure:2704: found /root/dash/depends/x86_64-apple-darwin11/share/../native/bin/x86_64-apple-darwin11-strip
configure:2715: result: x86_64-apple-darwin11-strip
configure:2780: checking for a thread-safe mkdir -p
configure:2819: result: /bin/mkdir -p
configure:2826: checking for gawk
configure:2842: found /usr/bin/gawk
configure:2853: result: gawk
configure:2864: checking whether make sets $(MAKE)
configure:2886: result: yes
configure:2915: checking whether make supports nested variables
configure:2932: result: yes
configure:3104: checking how to print strings
configure:3131: result: printf
configure:3164: checking for style of include used by make
configure:3192: result: GNU
configure:3223: checking for x86_64-apple-darwin11-gcc
configure:3250: result: /root/dash/depends/x86_64-apple-darwin11/native/bin/clang -target x86_64-apple-darwin11 -mmacosx-version-min=10.8 --sysroot /root/dash/depends/SDKs/MacOSX10.11.sdk -mlinker-version=253.9
configure:3519: checking for C compiler version
configure:3528: /root/dash/depends/x86_64-apple-darwin11/native/bin/clang -target x86_64-apple-darwin11 -mmacosx-version-min=10.8 --sysroot /root/dash/depends/SDKs/MacOSX10.11.sdk -mlinker-version=253.9 --version >&5
clang version 3.7.1 (tags/RELEASE_371/final)
Target: x86_64-apple-darwin11
Thread model: posix
configure:3539: $? = 0
configure:3528: /root/dash/depends/x86_64-apple-darwin11/native/bin/clang -target x86_64-apple-darwin11 -mmacosx-version-min=10.8 --sysroot /root/dash/depends/SDKs/MacOSX10.11.sdk -mlinker-version=253.9 -v >&5
clang version 3.7.1 (tags/RELEASE_371/final)
Target: x86_64-apple-darwin11
Thread model: posix
clang: warning: argument unused during compilation: '-mmacosx-version-min=10.8'
clang: warning: argument unused during compilation: '-mlinker-version=253.9'
configure:3539: $? = 0
configure:3528: /root/dash/depends/x86_64-apple-darwin11/native/bin/clang -target x86_64-apple-darwin11 -mmacosx-version-min=10.8 --sysroot /root/dash/depends/SDKs/MacOSX10.11.sdk -mlinker-version=253.9 -V >&5
clang: error: argument to '-V' is missing (expected 1 value)
clang: error: no input files
configure:3539: $? = 1
configure:3528: /root/dash/depends/x86_64-apple-darwin11/native/bin/clang -target x86_64-apple-darwin11 -mmacosx-version-min=10.8 --sysroot /root/dash/depends/SDKs/MacOSX10.11.sdk -mlinker-version=253.9 -qversion >&5
clang: error: unknown argument: '-qversion'
clang: error: no input files
configure:3539: $? = 1
configure:3559: checking whether the C compiler works
configure:3581: /root/dash/depends/x86_64-apple-darwin11/native/bin/clang -target x86_64-apple-darwin11 -mmacosx-version-min=10.8 --sysroot /root/dash/depends/SDKs/MacOSX10.11.sdk -mlinker-version=253.9 -pipe -O2  -I/root/dash/depends/x86_64-apple-darwin11/share/../include/  -L/root/dash/depends/x86_64-apple-darwin11/share/../lib  conftest.c  >&5
configure:3585: $? = 0
configure:3633: result: yes
configure:3636: checking for C compiler default output file name
configure:3638: result: a.out
configure:3644: checking for suffix of executables
configure:3651: /root/dash/depends/x86_64-apple-darwin11/native/bin/clang -target x86_64-apple-darwin11 -mmacosx-version-min=10.8 --sysroot /root/dash/depends/SDKs/MacOSX10.11.sdk -mlinker-version=253.9 -o conftest -pipe -O2  -I/root/dash/depends/x86_64-apple-darwin11/share/../include/  -L/root/dash/depends/x86_64-apple-darwin11/share/../lib  conftest.c  >&5
configure:3655: $? = 0
configure:3677: result: 
configure:3699: checking whether we are cross compiling
configure:3707: /root/dash/depends/x86_64-apple-darwin11/native/bin/clang -target x86_64-apple-darwin11 -mmacosx-version-min=10.8 --sysroot /root/dash/depends/SDKs/MacOSX10.11.sdk -mlinker-version=253.9 -o conftest -pipe -O2  -I/root/dash/depends/x86_64-apple-darwin11/share/../include/  -L/root/dash/depends/x86_64-apple-darwin11/share/../lib  conftest.c  >&5
configure:3711: $? = 0
configure:3718: ./conftest
./configure: line 3720: ./conftest: cannot execute binary file: Exec format error
configure:3722: $? = 126
configure:3737: result: yes
configure:3742: checking for suffix of object files
configure:3764: /root/dash/depends/x86_64-apple-darwin11/native/bin/clang -target x86_64-apple-darwin11 -mmacosx-version-min=10.8 --sysroot /root/dash/depends/SDKs/MacOSX10.11.sdk -mlinker-version=253.9 -c -pipe -O2  -I/root/dash/depends/x86_64-apple-darwin11/share/../include/  conftest.c >&5
configure:3768: $? = 0
configure:3789: result: o
configure:3793: checking whether we are using the GNU C compiler
configure:3812: /root/dash/depends/x86_64-apple-darwin11/native/bin/clang -target x86_64-apple-darwin11 -mmacosx-version-min=10.8 --sysroot /root/dash/depends/SDKs/MacOSX10.11.sdk -mlinker-version=253.9 -c -pipe -O2  -I/root/dash/depends/x86_64-apple-darwin11/share/../include/  conftest.c >&5
configure:3812: $? = 0
configure:3821: result: yes
configure:3830: checking whether /root/dash/depends/x86_64-apple-darwin11/native/bin/clang -target x86_64-apple-darwin11 -mmacosx-version-min=10.8 --sysroot /root/dash/depends/SDKs/MacOSX10.11.sdk -mlinker-version=253.9 accepts -g
configure:3850: /root/dash/depends/x86_64-apple-darwin11/native/bin/clang -target x86_64-apple-darwin11 -mmacosx-version-min=10.8 --sysroot /root/dash/depends/SDKs/MacOSX10.11.sdk -mlinker-version=253.9 -c -g -I/root/dash/depends/x86_64-apple-darwin11/share/../include/  conftest.c >&5
configure:3850: $? = 0
configure:3891: result: yes
configure:3908: checking for /root/dash/depends/x86_64-apple-darwin11/native/bin/clang -target x86_64-apple-darwin11 -mmacosx-version-min=10.8 --sysroot /root/dash/depends/SDKs/MacOSX10.11.sdk -mlinker-version=253.9 option to accept ISO C89
configure:3971: /root/dash/depends/x86_64-apple-darwin11/native/bin/clang -target x86_64-apple-darwin11 -mmacosx-version-min=10.8 --sysroot /root/dash/depends/SDKs/MacOSX10.11.sdk -mlinker-version=253.9  -c -pipe -O2  -I/root/dash/depends/x86_64-apple-darwin11/share/../include/  conftest.c >&5
configure:3971: $? = 0
configure:3984: result: none needed
configure:4009: checking whether /root/dash/depends/x86_64-apple-darwin11/native/bin/clang -target x86_64-apple-darwin11 -mmacosx-version-min=10.8 --sysroot /root/dash/depends/SDKs/MacOSX10.11.sdk -mlinker-version=253.9 understands -c and -o together
configure:4031: /root/dash/depends/x86_64-apple-darwin11/native/bin/clang -target x86_64-apple-darwin11 -mmacosx-version-min=10.8 --sysroot /root/dash/depends/SDKs/MacOSX10.11.sdk -mlinker-version=253.9 -c conftest.c -o conftest2.o
configure:4034: $? = 0
configure:4031: /root/dash/depends/x86_64-apple-darwin11/native/bin/clang -target x86_64-apple-darwin11 -mmacosx-version-min=10.8 --sysroot /root/dash/depends/SDKs/MacOSX10.11.sdk -mlinker-version=253.9 -c conftest.c -o conftest2.o
configure:4034: $? = 0
configure:4046: result: yes
configure:4065: checking dependency style of /root/dash/depends/x86_64-apple-darwin11/native/bin/clang -target x86_64-apple-darwin11 -mmacosx-version-min=10.8 --sysroot /root/dash/depends/SDKs/MacOSX10.11.sdk -mlinker-version=253.9
configure:4176: result: gcc3
configure:4191: checking for a sed that does not truncate output
configure:4255: result: /bin/sed
configure:4273: checking for grep that handles long lines and -e
configure:4331: result: /bin/grep
configure:4336: checking for egrep
configure:4398: result: /bin/grep -E
configure:4403: checking for fgrep
configure:4465: result: /bin/grep -F
configure:4500: checking for ld used by /root/dash/depends/x86_64-apple-darwin11/native/bin/clang -target x86_64-apple-darwin11 -mmacosx-version-min=10.8 --sysroot /root/dash/depends/SDKs/MacOSX10.11.sdk -mlinker-version=253.9
configure:4567: result: /root/dash/depends/x86_64-apple-darwin11/native/bin/x86_64-apple-darwin11-ld
configure:4574: checking if the linker (/root/dash/depends/x86_64-apple-darwin11/native/bin/x86_64-apple-darwin11-ld) is GNU ld
configure:4589: result: no
configure:4601: checking for BSD- or MS-compatible name lister (nm)
configure:4655: result: /root/dash/depends/x86_64-apple-darwin11/native/bin/x86_64-apple-darwin11-nm
configure:4785: checking the name lister (/root/dash/depends/x86_64-apple-darwin11/native/bin/x86_64-apple-darwin11-nm) interface
configure:4792: /root/dash/depends/x86_64-apple-darwin11/native/bin/clang -target x86_64-apple-darwin11 -mmacosx-version-min=10.8 --sysroot /root/dash/depends/SDKs/MacOSX10.11.sdk -mlinker-version=253.9 -c -pipe -O2  -I/root/dash/depends/x86_64-apple-darwin11/share/../include/  conftest.c >&5
configure:4795: /root/dash/depends/x86_64-apple-darwin11/native/bin/x86_64-apple-darwin11-nm "conftest.o"
configure:4798: output
0000000000000000 S _some_variable
configure:4805: result: BSD nm
configure:4808: checking whether ln -s works
configure:4812: result: yes
configure:4820: checking the maximum length of command line arguments
configure:4951: result: 1572864
configure:4999: checking how to convert x86_64-pc-linux-gnu file names to x86_64-apple-darwin11 format
configure:5039: result: func_convert_file_noop
configure:5046: checking how to convert x86_64-pc-linux-gnu file names to toolchain format
configure:5066: result: func_convert_file_noop
configure:5073: checking for /root/dash/depends/x86_64-apple-darwin11/native/bin/x86_64-apple-darwin11-ld option to reload object files
configure:5080: result: -r
configure:5114: checking for x86_64-apple-darwin11-objdump
configure:5144: result: no
configure:5154: checking for objdump
configure:5170: found /usr/bin/objdump
configure:5181: result: objdump
configure:5193: WARNING: using cross tools not prefixed with host triplet
configure:5213: checking how to recognize dependent libraries
configure:5413: result: pass_all
configure:5458: checking for x86_64-apple-darwin11-dlltool
configure:5488: result: no
configure:5498: checking for dlltool
configure:5528: result: no
configure:5558: checking how to associate runtime and link libraries
configure:5585: result: printf %s\n
configure:5602: checking for x86_64-apple-darwin11-ar
configure:5629: result: /root/dash/depends/x86_64-apple-darwin11/native/bin/x86_64-apple-darwin11-ar
configure:5710: checking for archiver @FILE support
configure:5727: /root/dash/depends/x86_64-apple-darwin11/native/bin/clang -target x86_64-apple-darwin11 -mmacosx-version-min=10.8 --sysroot /root/dash/depends/SDKs/MacOSX10.11.sdk -mlinker-version=253.9 -c -pipe -O2  -I/root/dash/depends/x86_64-apple-darwin11/share/../include/  conftest.c >&5
configure:5727: $? = 0
configure:5730: /root/dash/depends/x86_64-apple-darwin11/native/bin/x86_64-apple-darwin11-ar cru libconftest.a @conftest.lst >&5
x86_64-apple-darwin11-ar: @conftest.lst: No such file or directory
configure:5733: $? = 1
configure:5753: result: no
configure:5771: checking for x86_64-apple-darwin11-strip
configure:5798: result: x86_64-apple-darwin11-strip
configure:5870: checking for x86_64-apple-darwin11-ranlib
configure:5897: result: /root/dash/depends/x86_64-apple-darwin11/native/bin/x86_64-apple-darwin11-ranlib
configure:6039: checking command to parse /root/dash/depends/x86_64-apple-darwin11/native/bin/x86_64-apple-darwin11-nm output from /root/dash/depends/x86_64-apple-darwin11/native/bin/clang -target x86_64-apple-darwin11 -mmacosx-version-min=10.8 --sysroot /root/dash/depends/SDKs/MacOSX10.11.sdk -mlinker-version=253.9 object
configure:6192: /root/dash/depends/x86_64-apple-darwin11/native/bin/clang -target x86_64-apple-darwin11 -mmacosx-version-min=10.8 --sysroot /root/dash/depends/SDKs/MacOSX10.11.sdk -mlinker-version=253.9 -c -pipe -O2  -I/root/dash/depends/x86_64-apple-darwin11/share/../include/  conftest.c >&5
configure:6195: $? = 0
configure:6199: /root/dash/depends/x86_64-apple-darwin11/native/bin/x86_64-apple-darwin11-nm conftest.o \| sed -n -e 's/^.*[ ]\([BCDEGRST][BCDEGRST]*\)[ ][ ]*\([_A-Za-z][_A-Za-z0-9]*\)$/\1 \2 \2/p' | sed '/ __gnu_lto/d' \> conftest.nm
configure:6202: $? = 0
cannot find nm_test_var in conftest.nm
configure:6192: /root/dash/depends/x86_64-apple-darwin11/native/bin/clang -target x86_64-apple-darwin11 -mmacosx-version-min=10.8 --sysroot /root/dash/depends/SDKs/MacOSX10.11.sdk -mlinker-version=253.9 -c -pipe -O2  -I/root/dash/depends/x86_64-apple-darwin11/share/../include/  conftest.c >&5
configure:6195: $? = 0
configure:6199: /root/dash/depends/x86_64-apple-darwin11/native/bin/x86_64-apple-darwin11-nm conftest.o \| sed -n -e 's/^.*[ ]\([BCDEGRST][BCDEGRST]*\)[ ][ ]*_\([_A-Za-z][_A-Za-z0-9]*\)$/\1 _\2 \2/p' | sed '/ __gnu_lto/d' \> conftest.nm
configure:6202: $? = 0
configure:6268: /root/dash/depends/x86_64-apple-darwin11/native/bin/clang -target x86_64-apple-darwin11 -mmacosx-version-min=10.8 --sysroot /root/dash/depends/SDKs/MacOSX10.11.sdk -mlinker-version=253.9 -o conftest -pipe -O2  -I/root/dash/depends/x86_64-apple-darwin11/share/../include/  -L/root/dash/depends/x86_64-apple-darwin11/share/../lib  conftest.c conftstm.o >&5
configure:6271: $? = 0
configure:6309: result: ok
configure:6356: checking for sysroot
configure:6386: result: no
configure:6393: checking for a working dd
configure:6431: result: /bin/dd
configure:6435: checking how to truncate binary pipes
configure:6450: result: /bin/dd bs=4096 count=1
configure:6739: checking for x86_64-apple-darwin11-mt
configure:6769: result: no
configure:6779: checking for mt
configure:6795: found /bin/mt
configure:6806: result: mt
configure:6829: checking if mt is a manifest tool
configure:6835: mt '-?'
configure:6843: result: no
configure:6859: checking for x86_64-apple-darwin11-dsymutil
configure:6875: found /root/dash/depends/x86_64-apple-darwin11/share/../native/bin/x86_64-apple-darwin11-dsymutil
configure:6886: result: x86_64-apple-darwin11-dsymutil
configure:6951: checking for x86_64-apple-darwin11-nmedit
configure:6967: found /root/dash/depends/x86_64-apple-darwin11/share/../native/bin/x86_64-apple-darwin11-nmedit
configure:6978: result: x86_64-apple-darwin11-nmedit
configure:7043: checking for x86_64-apple-darwin11-lipo
configure:7059: found /root/dash/depends/x86_64-apple-darwin11/share/../native/bin/x86_64-apple-darwin11-lipo
configure:7070: result: x86_64-apple-darwin11-lipo
configure:7135: checking for x86_64-apple-darwin11-otool
configure:7151: found /root/dash/depends/x86_64-apple-darwin11/share/../native/bin/x86_64-apple-darwin11-otool
configure:7162: result: x86_64-apple-darwin11-otool
configure:7227: checking for x86_64-apple-darwin11-otool64
configure:7257: result: no
configure:7267: checking for otool64
configure:7297: result: no
configure:7342: checking for -single_module linker flag
/root/dash/depends/x86_64-apple-darwin11/native/bin/clang -target x86_64-apple-darwin11 -mmacosx-version-min=10.8 --sysroot /root/dash/depends/SDKs/MacOSX10.11.sdk -mlinker-version=253.9 -pipe -O2  -L/root/dash/depends/x86_64-apple-darwin11/share/../lib  -o libconftest.dylib -dynamiclib -Wl,-single_module conftest.c
configure:7375: result: yes
configure:7378: checking for -exported_symbols_list linker flag
configure:7398: /root/dash/depends/x86_64-apple-darwin11/native/bin/clang -target x86_64-apple-darwin11 -mmacosx-version-min=10.8 --sysroot /root/dash/depends/SDKs/MacOSX10.11.sdk -mlinker-version=253.9 -o conftest -pipe -O2  -I/root/dash/depends/x86_64-apple-darwin11/share/../include/  -L/root/dash/depends/x86_64-apple-darwin11/share/../lib  -Wl,-exported_symbols_list,conftest.sym conftest.c  >&5
configure:7398: $? = 0
configure:7408: result: yes
configure:7411: checking for -force_load linker flag
/root/dash/depends/x86_64-apple-darwin11/native/bin/clang -target x86_64-apple-darwin11 -mmacosx-version-min=10.8 --sysroot /root/dash/depends/SDKs/MacOSX10.11.sdk -mlinker-version=253.9 -pipe -O2  -c -o conftest.o conftest.c
/root/dash/depends/x86_64-apple-darwin11/native/bin/x86_64-apple-darwin11-ar cru libconftest.a conftest.o
/root/dash/depends/x86_64-apple-darwin11/native/bin/x86_64-apple-darwin11-ranlib libconftest.a
/root/dash/depends/x86_64-apple-darwin11/native/bin/clang -target x86_64-apple-darwin11 -mmacosx-version-min=10.8 --sysroot /root/dash/depends/SDKs/MacOSX10.11.sdk -mlinker-version=253.9 -pipe -O2  -L/root/dash/depends/x86_64-apple-darwin11/share/../lib  -o conftest conftest.c -Wl,-force_load,./libconftest.a
configure:7443: result: yes
configure:7520: checking how to run the C preprocessor
configure:7551: /root/dash/depends/x86_64-apple-darwin11/native/bin/clang -target x86_64-apple-darwin11 -mmacosx-version-min=10.8 --sysroot /root/dash/depends/SDKs/MacOSX10.11.sdk -mlinker-version=253.9 -E -I/root/dash/depends/x86_64-apple-darwin11/share/../include/  conftest.c
configure:7551: $? = 0
configure:7565: /root/dash/depends/x86_64-apple-darwin11/native/bin/clang -target x86_64-apple-darwin11 -mmacosx-version-min=10.8 --sysroot /root/dash/depends/SDKs/MacOSX10.11.sdk -mlinker-version=253.9 -E -I/root/dash/depends/x86_64-apple-darwin11/share/../include/  conftest.c
conftest.c:11:10: fatal error: 'ac_nonexistent.h' file not found
#include <ac_nonexistent.h>
         ^
1 error generated.
configure:7565: $? = 1
configure: failed program was:
| /* confdefs.h */
| #define PACKAGE_NAME "libsecp256k1"
| #define PACKAGE_TARNAME "libsecp256k1"
| #define PACKAGE_VERSION "0.1"
| #define PACKAGE_STRING "libsecp256k1 0.1"
| #define PACKAGE_BUGREPORT ""
| #define PACKAGE_URL ""
| #define PACKAGE "libsecp256k1"
| #define VERSION "0.1"
| /* end confdefs.h.  */
| #include <ac_nonexistent.h>
configure:7590: result: /root/dash/depends/x86_64-apple-darwin11/native/bin/clang -target x86_64-apple-darwin11 -mmacosx-version-min=10.8 --sysroot /root/dash/depends/SDKs/MacOSX10.11.sdk -mlinker-version=253.9 -E
configure:7610: /root/dash/depends/x86_64-apple-darwin11/native/bin/clang -target x86_64-apple-darwin11 -mmacosx-version-min=10.8 --sysroot /root/dash/depends/SDKs/MacOSX10.11.sdk -mlinker-version=253.9 -E -I/root/dash/depends/x86_64-apple-darwin11/share/../include/  conftest.c
configure:7610: $? = 0
configure:7624: /root/dash/depends/x86_64-apple-darwin11/native/bin/clang -target x86_64-apple-darwin11 -mmacosx-version-min=10.8 --sysroot /root/dash/depends/SDKs/MacOSX10.11.sdk -mlinker-version=253.9 -E -I/root/dash/depends/x86_64-apple-darwin11/share/../include/  conftest.c
conftest.c:11:10: fatal error: 'ac_nonexistent.h' file not found
#include <ac_nonexistent.h>
         ^
1 error generated.
configure:7624: $? = 1
configure: failed program was:
| /* confdefs.h */
| #define PACKAGE_NAME "libsecp256k1"
| #define PACKAGE_TARNAME "libsecp256k1"
| #define PACKAGE_VERSION "0.1"
| #define PACKAGE_STRING "libsecp256k1 0.1"
| #define PACKAGE_BUGREPORT ""
| #define PACKAGE_URL ""
| #define PACKAGE "libsecp256k1"
| #define VERSION "0.1"
| /* end confdefs.h.  */
| #include <ac_nonexistent.h>
configure:7653: checking for ANSI C header files
configure:7673: /root/dash/depends/x86_64-apple-darwin11/native/bin/clang -target x86_64-apple-darwin11 -mmacosx-version-min=10.8 --sysroot /root/dash/depends/SDKs/MacOSX10.11.sdk -mlinker-version=253.9 -c -pipe -O2  -I/root/dash/depends/x86_64-apple-darwin11/share/../include/  conftest.c >&5
configure:7673: $? = 0
configure:7757: result: yes
configure:7770: checking for sys/types.h
configure:7770: /root/dash/depends/x86_64-apple-darwin11/native/bin/clang -target x86_64-apple-darwin11 -mmacosx-version-min=10.8 --sysroot /root/dash/depends/SDKs/MacOSX10.11.sdk -mlinker-version=253.9 -c -pipe -O2  -I/root/dash/depends/x86_64-apple-darwin11/share/../include/  conftest.c >&5
configure:7770: $? = 0
configure:7770: result: yes
configure:7770: checking for sys/stat.h
configure:7770: /root/dash/depends/x86_64-apple-darwin11/native/bin/clang -target x86_64-apple-darwin11 -mmacosx-version-min=10.8 --sysroot /root/dash/depends/SDKs/MacOSX10.11.sdk -mlinker-version=253.9 -c -pipe -O2  -I/root/dash/depends/x86_64-apple-darwin11/share/../include/  conftest.c >&5
configure:7770: $? = 0
configure:7770: result: yes
configure:7770: checking for stdlib.h
configure:7770: /root/dash/depends/x86_64-apple-darwin11/native/bin/clang -target x86_64-apple-darwin11 -mmacosx-version-min=10.8 --sysroot /root/dash/depends/SDKs/MacOSX10.11.sdk -mlinker-version=253.9 -c -pipe -O2  -I/root/dash/depends/x86_64-apple-darwin11/share/../include/  conftest.c >&5
configure:7770: $? = 0
configure:7770: result: yes
configure:7770: checking for string.h
configure:7770: /root/dash/depends/x86_64-apple-darwin11/native/bin/clang -target x86_64-apple-darwin11 -mmacosx-version-min=10.8 --sysroot /root/dash/depends/SDKs/MacOSX10.11.sdk -mlinker-version=253.9 -c -pipe -O2  -I/root/dash/depends/x86_64-apple-darwin11/share/../include/  conftest.c >&5
configure:7770: $? = 0
configure:7770: result: yes
configure:7770: checking for memory.h
configure:7770: /root/dash/depends/x86_64-apple-darwin11/native/bin/clang -target x86_64-apple-darwin11 -mmacosx-version-min=10.8 --sysroot /root/dash/depends/SDKs/MacOSX10.11.sdk -mlinker-version=253.9 -c -pipe -O2  -I/root/dash/depends/x86_64-apple-darwin11/share/../include/  conftest.c >&5
configure:7770: $? = 0
configure:7770: result: yes
configure:7770: checking for strings.h
configure:7770: /root/dash/depends/x86_64-apple-darwin11/native/bin/clang -target x86_64-apple-darwin11 -mmacosx-version-min=10.8 --sysroot /root/dash/depends/SDKs/MacOSX10.11.sdk -mlinker-version=253.9 -c -pipe -O2  -I/root/dash/depends/x86_64-apple-darwin11/share/../include/  conftest.c >&5
configure:7770: $? = 0
configure:7770: result: yes
configure:7770: checking for inttypes.h
configure:7770: /root/dash/depends/x86_64-apple-darwin11/native/bin/clang -target x86_64-apple-darwin11 -mmacosx-version-min=10.8 --sysroot /root/dash/depends/SDKs/MacOSX10.11.sdk -mlinker-version=253.9 -c -pipe -O2  -I/root/dash/depends/x86_64-apple-darwin11/share/../include/  conftest.c >&5
configure:7770: $? = 0
configure:7770: result: yes
configure:7770: checking for stdint.h
configure:7770: /root/dash/depends/x86_64-apple-darwin11/native/bin/clang -target x86_64-apple-darwin11 -mmacosx-version-min=10.8 --sysroot /root/dash/depends/SDKs/MacOSX10.11.sdk -mlinker-version=253.9 -c -pipe -O2  -I/root/dash/depends/x86_64-apple-darwin11/share/../include/  conftest.c >&5
configure:7770: $? = 0
configure:7770: result: yes
configure:7770: checking for unistd.h
configure:7770: /root/dash/depends/x86_64-apple-darwin11/native/bin/clang -target x86_64-apple-darwin11 -mmacosx-version-min=10.8 --sysroot /root/dash/depends/SDKs/MacOSX10.11.sdk -mlinker-version=253.9 -c -pipe -O2  -I/root/dash/depends/x86_64-apple-darwin11/share/../include/  conftest.c >&5
configure:7770: $? = 0
configure:7770: result: yes
configure:7784: checking for dlfcn.h
configure:7784: /root/dash/depends/x86_64-apple-darwin11/native/bin/clang -target x86_64-apple-darwin11 -mmacosx-version-min=10.8 --sysroot /root/dash/depends/SDKs/MacOSX10.11.sdk -mlinker-version=253.9 -c -pipe -O2  -I/root/dash/depends/x86_64-apple-darwin11/share/../include/  conftest.c >&5
configure:7784: $? = 0
configure:7784: result: yes
configure:8040: checking for objdir
configure:8055: result: .libs
configure:8319: checking if /root/dash/depends/x86_64-apple-darwin11/native/bin/clang -target x86_64-apple-darwin11 -mmacosx-version-min=10.8 --sysroot /root/dash/depends/SDKs/MacOSX10.11.sdk -mlinker-version=253.9 supports -fno-rtti -fno-exceptions
configure:8337: /root/dash/depends/x86_64-apple-darwin11/native/bin/clang -target x86_64-apple-darwin11 -mmacosx-version-min=10.8 --sysroot /root/dash/depends/SDKs/MacOSX10.11.sdk -mlinker-version=253.9 -c -pipe -O2  -I/root/dash/depends/x86_64-apple-darwin11/share/../include/  -fno-rtti -fno-exceptions conftest.c >&5
configure:8341: $? = 0
configure:8354: result: yes
configure:8712: checking for /root/dash/depends/x86_64-apple-darwin11/native/bin/clang -target x86_64-apple-darwin11 -mmacosx-version-min=10.8 --sysroot /root/dash/depends/SDKs/MacOSX10.11.sdk -mlinker-version=253.9 option to produce PIC
configure:8719: result: -fno-common -DPIC
configure:8727: checking if /root/dash/depends/x86_64-apple-darwin11/native/bin/clang -target x86_64-apple-darwin11 -mmacosx-version-min=10.8 --sysroot /root/dash/depends/SDKs/MacOSX10.11.sdk -mlinker-version=253.9 PIC flag -fno-common -DPIC works
configure:8745: /root/dash/depends/x86_64-apple-darwin11/native/bin/clang -target x86_64-apple-darwin11 -mmacosx-version-min=10.8 --sysroot /root/dash/depends/SDKs/MacOSX10.11.sdk -mlinker-version=253.9 -c -pipe -O2  -I/root/dash/depends/x86_64-apple-darwin11/share/../include/  -fno-common -DPIC -DPIC conftest.c >&5
configure:8749: $? = 0
configure:8762: result: yes
configure:8791: checking if /root/dash/depends/x86_64-apple-darwin11/native/bin/clang -target x86_64-apple-darwin11 -mmacosx-version-min=10.8 --sysroot /root/dash/depends/SDKs/MacOSX10.11.sdk -mlinker-version=253.9 static flag -static works
configure:8819: result: no
configure:8834: checking if /root/dash/depends/x86_64-apple-darwin11/native/bin/clang -target x86_64-apple-darwin11 -mmacosx-version-min=10.8 --sysroot /root/dash/depends/SDKs/MacOSX10.11.sdk -mlinker-version=253.9 supports -c -o file.o
configure:8855: /root/dash/depends/x86_64-apple-darwin11/native/bin/clang -target x86_64-apple-darwin11 -mmacosx-version-min=10.8 --sysroot /root/dash/depends/SDKs/MacOSX10.11.sdk -mlinker-version=253.9 -c -pipe -O2  -I/root/dash/depends/x86_64-apple-darwin11/share/../include/  -o out/conftest2.o conftest.c >&5
configure:8859: $? = 0
configure:8881: result: yes
configure:8889: checking if /root/dash/depends/x86_64-apple-darwin11/native/bin/clang -target x86_64-apple-darwin11 -mmacosx-version-min=10.8 --sysroot /root/dash/depends/SDKs/MacOSX10.11.sdk -mlinker-version=253.9 supports -c -o file.o
configure:8936: result: yes
configure:8969: checking whether the /root/dash/depends/x86_64-apple-darwin11/native/bin/clang -target x86_64-apple-darwin11 -mmacosx-version-min=10.8 --sysroot /root/dash/depends/SDKs/MacOSX10.11.sdk -mlinker-version=253.9 linker (/root/dash/depends/x86_64-apple-darwin11/native/bin/x86_64-apple-darwin11-ld) supports shared libraries
configure:10232: result: yes
configure:10472: checking dynamic linker characteristics
configure:11302: result: darwin11 dyld
configure:11424: checking how to hardcode library paths into programs
configure:11449: result: immediate
configure:11997: checking whether stripping libraries is possible
configure:12011: result: yes
configure:12037: checking if libtool supports shared libraries
configure:12039: result: yes
configure:12042: checking whether to build shared libraries
configure:12067: result: no
configure:12070: checking whether to build static libraries
configure:12074: result: yes
configure:12123: checking whether make supports nested variables
configure:12140: result: yes
configure:12163: checking for x86_64-apple-darwin11-pkg-config
configure:12193: result: /usr/bin/pkg-config --static
configure:12261: checking pkg-config is at least version 0.9.0
configure:12264: result: yes
configure:12276: checking for x86_64-apple-darwin11-ar
configure:12306: result: /root/dash/depends/x86_64-apple-darwin11/native/bin/x86_64-apple-darwin11-ar
configure:12374: checking for x86_64-apple-darwin11-ranlib
configure:12404: result: /root/dash/depends/x86_64-apple-darwin11/native/bin/x86_64-apple-darwin11-ranlib
configure:12472: checking for x86_64-apple-darwin11-strip
configure:12490: found /root/dash/depends/x86_64-apple-darwin11/share/../native/bin/x86_64-apple-darwin11-strip
configure:12502: result: /root/dash/depends/x86_64-apple-darwin11/share/../native/bin/x86_64-apple-darwin11-strip
configure:12623: checking for gcc
configure:12639: found /usr/bin/gcc
configure:12650: result: gcc
configure:12879: checking for C compiler version
configure:12888: gcc --version >&5
gcc (Ubuntu 7.5.0-3ubuntu1~18.04) 7.5.0
Copyright (C) 2017 Free Software Foundation, Inc.
This is free software; see the source for copying conditions.  There is NO
warranty; not even for MERCHANTABILITY or FITNESS FOR A PARTICULAR PURPOSE.

configure:12899: $? = 0
configure:12888: gcc -v >&5
Using built-in specs.
COLLECT_GCC=gcc
COLLECT_LTO_WRAPPER=/usr/lib/gcc/x86_64-linux-gnu/7/lto-wrapper
OFFLOAD_TARGET_NAMES=nvptx-none
OFFLOAD_TARGET_DEFAULT=1
Target: x86_64-linux-gnu
Configured with: ../src/configure -v --with-pkgversion='Ubuntu 7.5.0-3ubuntu1~18.04' --with-bugurl=file:///usr/share/doc/gcc-7/README.Bugs --enable-languages=c,ada,c++,go,brig,d,fortran,objc,obj-c++ --prefix=/usr --with-gcc-major-version-only --program-suffix=-7 --program-prefix=x86_64-linux-gnu- --enable-shared --enable-linker-build-id --libexecdir=/usr/lib --without-included-gettext --enable-threads=posix --libdir=/usr/lib --enable-nls --enable-bootstrap --enable-clocale=gnu --enable-libstdcxx-debug --enable-libstdcxx-time=yes --with-default-libstdcxx-abi=new --enable-gnu-unique-object --disable-vtable-verify --enable-libmpx --enable-plugin --enable-default-pie --with-system-zlib --with-target-system-zlib --enable-objc-gc=auto --enable-multiarch --disable-werror --with-arch-32=i686 --with-abi=m64 --with-multilib-list=m32,m64,mx32 --enable-multilib --with-tune=generic --enable-offload-targets=nvptx-none --without-cuda-driver --enable-checking=release --build=x86_64-linux-gnu --host=x86_64-linux-gnu --target=x86_64-linux-gnu
Thread model: posix
gcc version 7.5.0 (Ubuntu 7.5.0-3ubuntu1~18.04) 
configure:12899: $? = 0
configure:12888: gcc -V >&5
gcc: error: unrecognized command line option '-V'
gcc: fatal error: no input files
compilation terminated.
configure:12899: $? = 1
configure:12888: gcc -qversion >&5
gcc: error: unrecognized command line option '-qversion'; did you mean '--version'?
gcc: fatal error: no input files
compilation terminated.
configure:12899: $? = 1
configure:12903: checking whether we are using the GNU C compiler
configure:12931: result: yes
configure:12940: checking whether gcc accepts -g
configure:12960: /root/dash/depends/x86_64-apple-darwin11/native/bin/clang -target x86_64-apple-darwin11 -mmacosx-version-min=10.8 --sysroot /root/dash/depends/SDKs/MacOSX10.11.sdk -mlinker-version=253.9 -c -pipe -O2  -I/root/dash/depends/x86_64-apple-darwin11/share/../include/  conftest.c >&5
configure:12960: $? = 0
configure:13001: result: yes
configure:13018: checking for gcc option to accept ISO C89
configure:13094: result: none needed
configure:13119: checking whether gcc understands -c and -o together
configure:13156: result: yes
configure:13175: checking dependency style of gcc
configure:13286: result: gcc3
configure:13306: checking how to run the C preprocessor
configure:13337: /root/dash/depends/x86_64-apple-darwin11/native/bin/clang -target x86_64-apple-darwin11 -mmacosx-version-min=10.8 --sysroot /root/dash/depends/SDKs/MacOSX10.11.sdk -mlinker-version=253.9 -E -I/root/dash/depends/x86_64-apple-darwin11/share/../include/  conftest.c
configure:13337: $? = 0
configure:13351: /root/dash/depends/x86_64-apple-darwin11/native/bin/clang -target x86_64-apple-darwin11 -mmacosx-version-min=10.8 --sysroot /root/dash/depends/SDKs/MacOSX10.11.sdk -mlinker-version=253.9 -E -I/root/dash/depends/x86_64-apple-darwin11/share/../include/  conftest.c
conftest.c:23:10: fatal error: 'ac_nonexistent.h' file not found
#include <ac_nonexistent.h>
         ^
1 error generated.
configure:13351: $? = 1
configure: failed program was:
| /* confdefs.h */
| #define PACKAGE_NAME "libsecp256k1"
| #define PACKAGE_TARNAME "libsecp256k1"
| #define PACKAGE_VERSION "0.1"
| #define PACKAGE_STRING "libsecp256k1 0.1"
| #define PACKAGE_BUGREPORT ""
| #define PACKAGE_URL ""
| #define PACKAGE "libsecp256k1"
| #define VERSION "0.1"
| #define STDC_HEADERS 1
| #define HAVE_SYS_TYPES_H 1
| #define HAVE_SYS_STAT_H 1
| #define HAVE_STDLIB_H 1
| #define HAVE_STRING_H 1
| #define HAVE_MEMORY_H 1
| #define HAVE_STRINGS_H 1
| #define HAVE_INTTYPES_H 1
| #define HAVE_STDINT_H 1
| #define HAVE_UNISTD_H 1
| #define HAVE_DLFCN_H 1
| #define LT_OBJDIR ".libs/"
| /* end confdefs.h.  */
| #include <ac_nonexistent.h>
configure:13376: result: gcc -E
configure:13396: /root/dash/depends/x86_64-apple-darwin11/native/bin/clang -target x86_64-apple-darwin11 -mmacosx-version-min=10.8 --sysroot /root/dash/depends/SDKs/MacOSX10.11.sdk -mlinker-version=253.9 -E -I/root/dash/depends/x86_64-apple-darwin11/share/../include/  conftest.c
configure:13396: $? = 0
configure:13410: /root/dash/depends/x86_64-apple-darwin11/native/bin/clang -target x86_64-apple-darwin11 -mmacosx-version-min=10.8 --sysroot /root/dash/depends/SDKs/MacOSX10.11.sdk -mlinker-version=253.9 -E -I/root/dash/depends/x86_64-apple-darwin11/share/../include/  conftest.c
conftest.c:23:10: fatal error: 'ac_nonexistent.h' file not found
#include <ac_nonexistent.h>
         ^
1 error generated.
configure:13410: $? = 1
configure: failed program was:
| /* confdefs.h */
| #define PACKAGE_NAME "libsecp256k1"
| #define PACKAGE_TARNAME "libsecp256k1"
| #define PACKAGE_VERSION "0.1"
| #define PACKAGE_STRING "libsecp256k1 0.1"
| #define PACKAGE_BUGREPORT ""
| #define PACKAGE_URL ""
| #define PACKAGE "libsecp256k1"
| #define VERSION "0.1"
| #define STDC_HEADERS 1
| #define HAVE_SYS_TYPES_H 1
| #define HAVE_SYS_STAT_H 1
| #define HAVE_STDLIB_H 1
| #define HAVE_STRING_H 1
| #define HAVE_MEMORY_H 1
| #define HAVE_STRINGS_H 1
| #define HAVE_INTTYPES_H 1
| #define HAVE_STDINT_H 1
| #define HAVE_UNISTD_H 1
| #define HAVE_DLFCN_H 1
| #define LT_OBJDIR ".libs/"
| /* end confdefs.h.  */
| #include <ac_nonexistent.h>
configure:13454: checking for /root/dash/depends/x86_64-apple-darwin11/native/bin/clang -target x86_64-apple-darwin11 -mmacosx-version-min=10.8 --sysroot /root/dash/depends/SDKs/MacOSX10.11.sdk -mlinker-version=253.9 option to accept ISO C89
configure:13530: result: none needed
configure:13557: checking dependency style of /root/dash/depends/x86_64-apple-darwin11/native/bin/clang -target x86_64-apple-darwin11 -mmacosx-version-min=10.8 --sysroot /root/dash/depends/SDKs/MacOSX10.11.sdk -mlinker-version=253.9
configure:13666: result: gcc3
configure:13792: checking if /root/dash/depends/x86_64-apple-darwin11/native/bin/clang -target x86_64-apple-darwin11 -mmacosx-version-min=10.8 --sysroot /root/dash/depends/SDKs/MacOSX10.11.sdk -mlinker-version=253.9 supports -std=c89 -pedantic -Wall -Wextra -Wcast-align -Wnested-externs -Wshadow -Wstrict-prototypes -Wno-unused-function -Wno-long-long -Wno-overlength-strings
configure:13798: /root/dash/depends/x86_64-apple-darwin11/native/bin/clang -target x86_64-apple-darwin11 -mmacosx-version-min=10.8 --sysroot /root/dash/depends/SDKs/MacOSX10.11.sdk -mlinker-version=253.9 -c -pipe -O2  -W -std=c89 -pedantic -Wall -Wextra -Wcast-align -Wnested-externs -Wshadow -Wstrict-prototypes -Wno-unused-function -Wno-long-long -Wno-overlength-strings -I/root/dash/depends/x86_64-apple-darwin11/share/../include/  conftest.c >&5
configure:13798: $? = 0
configure:13799: result: yes
configure:13811: checking if /root/dash/depends/x86_64-apple-darwin11/native/bin/clang -target x86_64-apple-darwin11 -mmacosx-version-min=10.8 --sysroot /root/dash/depends/SDKs/MacOSX10.11.sdk -mlinker-version=253.9 supports -fvisibility=hidden
configure:13817: /root/dash/depends/x86_64-apple-darwin11/native/bin/clang -target x86_64-apple-darwin11 -mmacosx-version-min=10.8 --sysroot /root/dash/depends/SDKs/MacOSX10.11.sdk -mlinker-version=253.9 -c -pipe -O2  -W -std=c89 -pedantic -Wall -Wextra -Wcast-align -Wnested-externs -Wshadow -Wstrict-prototypes -Wno-unused-function -Wno-long-long -Wno-overlength-strings -fvisibility=hidden -I/root/dash/depends/x86_64-apple-darwin11/share/../include/  conftest.c >&5
configure:13817: $? = 0
configure:13818: result: yes
configure:13952: checking for __int128
configure:13952: /root/dash/depends/x86_64-apple-darwin11/native/bin/clang -target x86_64-apple-darwin11 -mmacosx-version-min=10.8 --sysroot /root/dash/depends/SDKs/MacOSX10.11.sdk -mlinker-version=253.9 -c -pipe -O2  -W -std=c89 -pedantic -Wall -Wextra -Wcast-align -Wnested-externs -Wshadow -Wstrict-prototypes -Wno-unused-function -Wno-long-long -Wno-overlength-strings -fvisibility=hidden -I/root/dash/depends/x86_64-apple-darwin11/share/../include/  conftest.c >&5
configure:13952: $? = 0
configure:13952: /root/dash/depends/x86_64-apple-darwin11/native/bin/clang -target x86_64-apple-darwin11 -mmacosx-version-min=10.8 --sysroot /root/dash/depends/SDKs/MacOSX10.11.sdk -mlinker-version=253.9 -c -pipe -O2  -W -std=c89 -pedantic -Wall -Wextra -Wcast-align -Wnested-externs -Wshadow -Wstrict-prototypes -Wno-unused-function -Wno-long-long -Wno-overlength-strings -fvisibility=hidden -I/root/dash/depends/x86_64-apple-darwin11/share/../include/  conftest.c >&5
conftest.c:59:23: error: expected expression
if (sizeof ((__int128)))
                      ^
1 error generated.
configure:13952: $? = 1
configure: failed program was:
| /* confdefs.h */
| #define PACKAGE_NAME "libsecp256k1"
| #define PACKAGE_TARNAME "libsecp256k1"
| #define PACKAGE_VERSION "0.1"
| #define PACKAGE_STRING "libsecp256k1 0.1"
| #define PACKAGE_BUGREPORT ""
| #define PACKAGE_URL ""
| #define PACKAGE "libsecp256k1"
| #define VERSION "0.1"
| #define STDC_HEADERS 1
| #define HAVE_SYS_TYPES_H 1
| #define HAVE_SYS_STAT_H 1
| #define HAVE_STDLIB_H 1
| #define HAVE_STRING_H 1
| #define HAVE_MEMORY_H 1
| #define HAVE_STRINGS_H 1
| #define HAVE_INTTYPES_H 1
| #define HAVE_STDINT_H 1
| #define HAVE_UNISTD_H 1
| #define HAVE_DLFCN_H 1
| #define LT_OBJDIR ".libs/"
| /* end confdefs.h.  */
| #include <stdio.h>
| #ifdef HAVE_SYS_TYPES_H
| # include <sys/types.h>
| #endif
| #ifdef HAVE_SYS_STAT_H
| # include <sys/stat.h>
| #endif
| #ifdef STDC_HEADERS
| # include <stdlib.h>
| # include <stddef.h>
| #else
| # ifdef HAVE_STDLIB_H
| #  include <stdlib.h>
| # endif
| #endif
| #ifdef HAVE_STRING_H
| # if !defined STDC_HEADERS && defined HAVE_MEMORY_H
| #  include <memory.h>
| # endif
| # include <string.h>
| #endif
| #ifdef HAVE_STRINGS_H
| # include <strings.h>
| #endif
| #ifdef HAVE_INTTYPES_H
| # include <inttypes.h>
| #endif
| #ifdef HAVE_STDINT_H
| # include <stdint.h>
| #endif
| #ifdef HAVE_UNISTD_H
| # include <unistd.h>
| #endif
| int
| main ()
| {
| if (sizeof ((__int128)))
| 	    return 0;
|   ;
|   return 0;
| }
configure:13952: result: yes
configure:13989: checking if native gcc supports -Wall -Wextra -Wno-unused-function
configure:13995: gcc -c -g -O2 -Wall -Wextra -Wno-unused-function  conftest.c >&5
configure:13995: $? = 0
configure:13996: result: yes
configure:14006: checking for working native compiler: gcc
configure:14021: gcc -o conftest -g -O2 -Wall -Wextra -Wno-unused-function   conftest.c  >&5
configure:14021: $? = 0
configure:14021: ./conftest
configure:14021: $? = 0
configure:14052: result: yes
configure:14062: checking for x86_64 assembly availability
configure:14079: /root/dash/depends/x86_64-apple-darwin11/native/bin/clang -target x86_64-apple-darwin11 -mmacosx-version-min=10.8 --sysroot /root/dash/depends/SDKs/MacOSX10.11.sdk -mlinker-version=253.9 -c -pipe -O2  -W -std=c89 -pedantic -Wall -Wextra -Wcast-align -Wnested-externs -Wshadow -Wstrict-prototypes -Wno-unused-function -Wno-long-long -Wno-overlength-strings -fvisibility=hidden -O3 -I/root/dash/depends/x86_64-apple-darwin11/share/../include/  conftest.c >&5
conftest.c:31:75: warning: variable 'tmp' is uninitialized when used here [-Wuninitialized]
  __asm__ __volatile__("movq $0x100000000,%1; mulq %%rsi" : "+a"(a) : "S"(tmp) : "cc", "%rdx");
                                                                          ^~~
conftest.c:30:23: note: initialize the variable 'tmp' to silence this warning
  uint64_t a = 11, tmp;
                      ^
                       = 0
1 warning generated.
configure:14079: $? = 0
configure:14085: result: yes
configure:14848: checking whether byte ordering is bigendian
configure:14863: /root/dash/depends/x86_64-apple-darwin11/native/bin/clang -target x86_64-apple-darwin11 -mmacosx-version-min=10.8 --sysroot /root/dash/depends/SDKs/MacOSX10.11.sdk -mlinker-version=253.9 -c -pipe -O2  -W -std=c89 -pedantic -Wall -Wextra -Wcast-align -Wnested-externs -Wshadow -Wstrict-prototypes -Wno-unused-function -Wno-long-long -Wno-overlength-strings -fvisibility=hidden -O3 -I/root/dash/depends/x86_64-apple-darwin11/share/../include/  conftest.c >&5
configure:14863: $? = 0
configure:14908: /root/dash/depends/x86_64-apple-darwin11/native/bin/clang -target x86_64-apple-darwin11 -mmacosx-version-min=10.8 --sysroot /root/dash/depends/SDKs/MacOSX10.11.sdk -mlinker-version=253.9 -c -pipe -O2  -W -std=c89 -pedantic -Wall -Wextra -Wcast-align -Wnested-externs -Wshadow -Wstrict-prototypes -Wno-unused-function -Wno-long-long -Wno-overlength-strings -fvisibility=hidden -O3 -I/root/dash/depends/x86_64-apple-darwin11/share/../include/  conftest.c >&5
configure:14908: $? = 0
configure:14926: /root/dash/depends/x86_64-apple-darwin11/native/bin/clang -target x86_64-apple-darwin11 -mmacosx-version-min=10.8 --sysroot /root/dash/depends/SDKs/MacOSX10.11.sdk -mlinker-version=253.9 -c -pipe -O2  -W -std=c89 -pedantic -Wall -Wextra -Wcast-align -Wnested-externs -Wshadow -Wstrict-prototypes -Wno-unused-function -Wno-long-long -Wno-overlength-strings -fvisibility=hidden -O3 -I/root/dash/depends/x86_64-apple-darwin11/share/../include/  conftest.c >&5
conftest.c:39:4: error: use of undeclared identifier 'not'
                 not big endian
                 ^
1 error generated.
configure:14926: $? = 1
configure: failed program was:
| /* confdefs.h */
| #define PACKAGE_NAME "libsecp256k1"
| #define PACKAGE_TARNAME "libsecp256k1"
| #define PACKAGE_VERSION "0.1"
| #define PACKAGE_STRING "libsecp256k1 0.1"
| #define PACKAGE_BUGREPORT ""
| #define PACKAGE_URL ""
| #define PACKAGE "libsecp256k1"
| #define VERSION "0.1"
| #define STDC_HEADERS 1
| #define HAVE_SYS_TYPES_H 1
| #define HAVE_SYS_STAT_H 1
| #define HAVE_STDLIB_H 1
| #define HAVE_STRING_H 1
| #define HAVE_MEMORY_H 1
| #define HAVE_STRINGS_H 1
| #define HAVE_INTTYPES_H 1
| #define HAVE_STDINT_H 1
| #define HAVE_UNISTD_H 1
| #define HAVE_DLFCN_H 1
| #define LT_OBJDIR ".libs/"
| #define HAVE___INT128 1
| #define USE_ASM_X86_64 1
| #define USE_FIELD_5X52 1
| #define USE_NUM_NONE 1
| #define USE_FIELD_INV_BUILTIN 1
| #define USE_SCALAR_INV_BUILTIN 1
| #define USE_SCALAR_4X64 1
| #define USE_ECMULT_STATIC_PRECOMPUTATION 1
| #define ENABLE_MODULE_RECOVERY 1
| /* end confdefs.h.  */
| #include <sys/types.h>
| 		#include <sys/param.h>
| 
| int
| main ()
| {
| #if BYTE_ORDER != BIG_ENDIAN
| 		 not big endian
| 		#endif
| 
|   ;
|   return 0;
| }
configure:15054: result: no
configure:15302: checking that generated files are newer than configure
configure:15308: result: done
configure:15380: creating ./config.status

## ---------------------- ##
## Running config.status. ##
## ---------------------- ##

This file was extended by libsecp256k1 config.status 0.1, which was
generated by GNU Autoconf 2.69.  Invocation command line was

  CONFIG_FILES    = 
  CONFIG_HEADERS  = 
  CONFIG_LINKS    = 
  CONFIG_COMMANDS = 
  $ ./config.status 

on vultr.guest

config.status:1141: creating Makefile
config.status:1141: creating libsecp256k1.pc
config.status:1141: creating src/libsecp256k1-config.h
config.status:1322: src/libsecp256k1-config.h is unchanged
config.status:1370: executing depfiles commands
config.status:1370: executing libtool commands

## ---------------- ##
## Cache variables. ##
## ---------------- ##

ac_cv_build=x86_64-pc-linux-gnu
ac_cv_build_prog_CPP='gcc -E'
ac_cv_build_prog_cc_g=yes
ac_cv_c_bigendian=no
ac_cv_c_compiler_gnu=yes
ac_cv_env_CCASFLAGS_set=
ac_cv_env_CCASFLAGS_value=
ac_cv_env_CCAS_set=
ac_cv_env_CCAS_value=
ac_cv_env_CC_set=
ac_cv_env_CC_value=
ac_cv_env_CFLAGS_set=
ac_cv_env_CFLAGS_value=
ac_cv_env_CPPFLAGS_set=
ac_cv_env_CPPFLAGS_value=
ac_cv_env_CPP_set=
ac_cv_env_CPP_value=
ac_cv_env_CRYPTO_CFLAGS_set=
ac_cv_env_CRYPTO_CFLAGS_value=
ac_cv_env_CRYPTO_LIBS_set=
ac_cv_env_CRYPTO_LIBS_value=
ac_cv_env_LDFLAGS_set=
ac_cv_env_LDFLAGS_value=
ac_cv_env_LIBS_set=
ac_cv_env_LIBS_value=
ac_cv_env_LT_SYS_LIBRARY_PATH_set=
ac_cv_env_LT_SYS_LIBRARY_PATH_value=
ac_cv_env_PKG_CONFIG_LIBDIR_set=
ac_cv_env_PKG_CONFIG_LIBDIR_value=
ac_cv_env_PKG_CONFIG_PATH_set=
ac_cv_env_PKG_CONFIG_PATH_value=
ac_cv_env_PKG_CONFIG_set=
ac_cv_env_PKG_CONFIG_value=
ac_cv_env_build_alias_set=
ac_cv_env_build_alias_value=
ac_cv_env_host_alias_set=
ac_cv_env_host_alias_value=
ac_cv_env_target_alias_set=
ac_cv_env_target_alias_value=
ac_cv_header_dlfcn_h=yes
ac_cv_header_inttypes_h=yes
ac_cv_header_memory_h=yes
ac_cv_header_stdc=yes
ac_cv_header_stdint_h=yes
ac_cv_header_stdlib_h=yes
ac_cv_header_string_h=yes
ac_cv_header_strings_h=yes
ac_cv_header_sys_stat_h=yes
ac_cv_header_sys_types_h=yes
ac_cv_header_unistd_h=yes
ac_cv_host=x86_64-apple-darwin11
ac_cv_objext=o
ac_cv_path_AR=/root/dash/depends/x86_64-apple-darwin11/native/bin/x86_64-apple-darwin11-ar
ac_cv_path_EGREP='/bin/grep -E'
ac_cv_path_FGREP='/bin/grep -F'
ac_cv_path_GREP=/bin/grep
ac_cv_path_PKG_CONFIG='/usr/bin/pkg-config --static'
ac_cv_path_RANLIB=/root/dash/depends/x86_64-apple-darwin11/native/bin/x86_64-apple-darwin11-ranlib
ac_cv_path_SED=/bin/sed
ac_cv_path_STRIP=/root/dash/depends/x86_64-apple-darwin11/share/../native/bin/x86_64-apple-darwin11-strip
ac_cv_path_ac_pt_AR=/root/dash/depends/x86_64-apple-darwin11/native/bin/x86_64-apple-darwin11-ar
ac_cv_path_ac_pt_NM=/root/dash/depends/x86_64-apple-darwin11/native/bin/x86_64-apple-darwin11-nm
ac_cv_path_ac_pt_RANLIB=/root/dash/depends/x86_64-apple-darwin11/native/bin/x86_64-apple-darwin11-ranlib
ac_cv_path_install='/usr/bin/install -c'
ac_cv_path_lt_DD=/bin/dd
ac_cv_path_mkdir=/bin/mkdir
ac_cv_prog_AR=/root/dash/depends/x86_64-apple-darwin11/native/bin/x86_64-apple-darwin11-ar
ac_cv_prog_AWK=gawk
ac_cv_prog_CC='/root/dash/depends/x86_64-apple-darwin11/native/bin/clang -target x86_64-apple-darwin11 -mmacosx-version-min=10.8 --sysroot /root/dash/depends/SDKs/MacOSX10.11.sdk -mlinker-version=253.9'
ac_cv_prog_CPP='/root/dash/depends/x86_64-apple-darwin11/native/bin/clang -target x86_64-apple-darwin11 -mmacosx-version-min=10.8 --sysroot /root/dash/depends/SDKs/MacOSX10.11.sdk -mlinker-version=253.9 -E'
ac_cv_prog_DSYMUTIL=x86_64-apple-darwin11-dsymutil
ac_cv_prog_LIPO=x86_64-apple-darwin11-lipo
ac_cv_prog_NMEDIT=x86_64-apple-darwin11-nmedit
ac_cv_prog_OTOOL=x86_64-apple-darwin11-otool
ac_cv_prog_RANLIB=/root/dash/depends/x86_64-apple-darwin11/native/bin/x86_64-apple-darwin11-ranlib
ac_cv_prog_STRIP=x86_64-apple-darwin11-strip
ac_cv_prog_ac_ct_CC_FOR_BUILD=gcc
ac_cv_prog_ac_ct_MANIFEST_TOOL=mt
ac_cv_prog_ac_ct_OBJDUMP=objdump
ac_cv_prog_cc_c89=
ac_cv_prog_cc_g=yes
ac_cv_prog_make_make_set=yes
ac_cv_type___int128=yes
am_cv_CCAS_dependencies_compiler_type=gcc3
am_cv_CC_dependencies_compiler_type=gcc3
am_cv_make_support_nested_variables=yes
am_cv_prog_cc_c_o=yes
lt_cv_apple_cc_single_mod=yes
lt_cv_ar_at_file=no
lt_cv_deplibs_check_method=pass_all
lt_cv_file_magic_cmd='$MAGIC_CMD'
lt_cv_file_magic_test_file=
lt_cv_ld_exported_symbols_list=yes
lt_cv_ld_force_load=yes
lt_cv_ld_reload_flag=-r
lt_cv_nm_interface='BSD nm'
lt_cv_objdir=.libs
lt_cv_path_LD=/root/dash/depends/x86_64-apple-darwin11/native/bin/x86_64-apple-darwin11-ld
lt_cv_path_NM=/root/dash/depends/x86_64-apple-darwin11/native/bin/x86_64-apple-darwin11-nm
lt_cv_path_mainfest_tool=no
lt_cv_prog_compiler_c_o=yes
lt_cv_prog_compiler_pic='-fno-common -DPIC'
lt_cv_prog_compiler_pic_works=yes
lt_cv_prog_compiler_rtti_exceptions=yes
lt_cv_prog_compiler_static_works=no
lt_cv_prog_gnu_ld=no
lt_cv_sharedlib_from_linklib_cmd='printf %s\n'
lt_cv_sys_global_symbol_pipe='sed -n -e '\''s/^.*[	 ]\([BCDEGRST][BCDEGRST]*\)[	 ][	 ]*_\([_A-Za-z][_A-Za-z0-9]*\)$/\1 _\2 \2/p'\'' | sed '\''/ __gnu_lto/d'\'''
lt_cv_sys_global_symbol_to_c_name_address='sed -n -e '\''s/^: \(.*\) .*$/  {"\1", (void *) 0},/p'\'' -e '\''s/^[BCDEGRST][BCDEGRST]* .* \(.*\)$/  {"\1", (void *) \&\1},/p'\'''
lt_cv_sys_global_symbol_to_c_name_address_lib_prefix='sed -n -e '\''s/^: \(.*\) .*$/  {"\1", (void *) 0},/p'\'' -e '\''s/^[BCDEGRST][BCDEGRST]* .* \(lib.*\)$/  {"\1", (void *) \&\1},/p'\'' -e '\''s/^[BCDEGRST][BCDEGRST]* .* \(.*\)$/  {"lib\1", (void *) \&\1},/p'\'''
lt_cv_sys_global_symbol_to_cdecl='sed -n -e '\''s/^T .* \(.*\)$/extern int \1();/p'\'' -e '\''s/^[BCDEGRST][BCDEGRST]* .* \(.*\)$/extern char \1;/p'\'''
lt_cv_sys_global_symbol_to_import=
lt_cv_sys_max_cmd_len=1572864
lt_cv_to_host_file_cmd=func_convert_file_noop
lt_cv_to_tool_file_cmd=func_convert_file_noop
lt_cv_truncate_bin='/bin/dd bs=4096 count=1'

## ----------------- ##
## Output variables. ##
## ----------------- ##

ACLOCAL='${SHELL} /home/freelancer/ttm-17/src/secp256k1/build-aux/missing aclocal-1.15'
AMDEPBACKSLASH='\'
AMDEP_FALSE='#'
AMDEP_TRUE=''
AMTAR='$${TAR-tar}'
AM_BACKSLASH='\'
AM_DEFAULT_V='$(AM_DEFAULT_VERBOSITY)'
AM_DEFAULT_VERBOSITY='0'
AM_V='$(V)'
AR='/root/dash/depends/x86_64-apple-darwin11/native/bin/x86_64-apple-darwin11-ar'
AUTOCONF='${SHELL} /home/freelancer/ttm-17/src/secp256k1/build-aux/missing autoconf'
AUTOHEADER='${SHELL} /home/freelancer/ttm-17/src/secp256k1/build-aux/missing autoheader'
AUTOMAKE='${SHELL} /home/freelancer/ttm-17/src/secp256k1/build-aux/missing automake-1.15'
AWK='gawk'
BREW='no'
BUILD_EXEEXT=''
BUILD_OBJEXT=''
CC='/root/dash/depends/x86_64-apple-darwin11/native/bin/clang -target x86_64-apple-darwin11 -mmacosx-version-min=10.8 --sysroot /root/dash/depends/SDKs/MacOSX10.11.sdk -mlinker-version=253.9'
CCAS='/root/dash/depends/x86_64-apple-darwin11/native/bin/clang -target x86_64-apple-darwin11 -mmacosx-version-min=10.8 --sysroot /root/dash/depends/SDKs/MacOSX10.11.sdk -mlinker-version=253.9'
CCASDEPMODE='depmode=gcc3'
CCASFLAGS='-pipe -O2 '
CCDEPMODE='depmode=gcc3'
CC_FOR_BUILD='gcc'
CFLAGS='-pipe -O2  -W -std=c89 -pedantic -Wall -Wextra -Wcast-align -Wnested-externs -Wshadow -Wstrict-prototypes -Wno-unused-function -Wno-long-long -Wno-overlength-strings -fvisibility=hidden -O3'
CFLAGS_FOR_BUILD='-g -O2 -Wall -Wextra -Wno-unused-function'
CPP='/root/dash/depends/x86_64-apple-darwin11/native/bin/clang -target x86_64-apple-darwin11 -mmacosx-version-min=10.8 --sysroot /root/dash/depends/SDKs/MacOSX10.11.sdk -mlinker-version=253.9 -E'
CPPFLAGS='-I/root/dash/depends/x86_64-apple-darwin11/share/../include/ '
CPPFLAGS_FOR_BUILD=''
CPP_FOR_BUILD='gcc -E'
CRYPTO_CFLAGS=''
CRYPTO_LIBS=''
CYGPATH_W='echo'
DEFS='-DHAVE_CONFIG_H'
DEPDIR='.deps'
DLLTOOL='false'
DSYMUTIL='x86_64-apple-darwin11-dsymutil'
DUMPBIN=''
ECHO_C=''
ECHO_N='-n'
ECHO_T=''
EGREP='/bin/grep -E'
ENABLE_COVERAGE_FALSE=''
ENABLE_COVERAGE_TRUE='#'
ENABLE_MODULE_ECDH_FALSE=''
ENABLE_MODULE_ECDH_TRUE='#'
ENABLE_MODULE_RECOVERY_FALSE='#'
ENABLE_MODULE_RECOVERY_TRUE=''
EXEEXT=''
FGREP='/bin/grep -F'
GREP='/bin/grep'
INSTALL_DATA='${INSTALL} -m 644'
INSTALL_PROGRAM='${INSTALL}'
INSTALL_SCRIPT='${INSTALL}'
INSTALL_STRIP_PROGRAM='$(install_sh) -c -s'
JNI_INCLUDES=''
LD='/root/dash/depends/x86_64-apple-darwin11/native/bin/x86_64-apple-darwin11-ld'
LDFLAGS='-L/root/dash/depends/x86_64-apple-darwin11/share/../lib '
LDFLAGS_FOR_BUILD=''
LIBOBJS=''
LIBS=''
LIBTOOL='$(SHELL) $(top_builddir)/libtool'
LIPO='x86_64-apple-darwin11-lipo'
LN_S='ln -s'
LTLIBOBJS=''
LT_SYS_LIBRARY_PATH=''
MAKEINFO='${SHELL} /home/freelancer/ttm-17/src/secp256k1/build-aux/missing makeinfo'
MANIFEST_TOOL=':'
MKDIR_P='/bin/mkdir -p'
NM='/root/dash/depends/x86_64-apple-darwin11/native/bin/x86_64-apple-darwin11-nm'
NMEDIT='x86_64-apple-darwin11-nmedit'
OBJDUMP='objdump'
OBJEXT='o'
OTOOL64=':'
OTOOL='x86_64-apple-darwin11-otool'
PACKAGE='libsecp256k1'
PACKAGE_BUGREPORT=''
PACKAGE_NAME='libsecp256k1'
PACKAGE_STRING='libsecp256k1 0.1'
PACKAGE_TARNAME='libsecp256k1'
PACKAGE_URL=''
PACKAGE_VERSION='0.1'
PATH_SEPARATOR=':'
PKG_CONFIG='/usr/bin/pkg-config --static'
PKG_CONFIG_LIBDIR='/root/dash/depends/x86_64-apple-darwin11/share/../lib/pkgconfig'
PKG_CONFIG_PATH='/root/dash/depends/x86_64-apple-darwin11/share/../share/pkgconfig'
PORT='no'
RANLIB='/root/dash/depends/x86_64-apple-darwin11/native/bin/x86_64-apple-darwin11-ranlib'
SECP_INCLUDES=''
SECP_LIBS=''
SECP_TEST_INCLUDES=''
SECP_TEST_LIBS=''
SED='/bin/sed'
SET_MAKE=''
SHELL='/bin/bash'
STRIP='/root/dash/depends/x86_64-apple-darwin11/share/../native/bin/x86_64-apple-darwin11-strip'
USE_ASM_ARM_FALSE=''
USE_ASM_ARM_TRUE='#'
USE_BENCHMARK_FALSE='#'
USE_BENCHMARK_TRUE=''
USE_ECMULT_STATIC_PRECOMPUTATION_FALSE='#'
USE_ECMULT_STATIC_PRECOMPUTATION_TRUE=''
USE_EXHAUSTIVE_TESTS_FALSE='#'
USE_EXHAUSTIVE_TESTS_TRUE=''
USE_EXTERNAL_ASM_FALSE=''
USE_EXTERNAL_ASM_TRUE='#'
USE_JNI_FALSE=''
USE_JNI_TRUE='#'
USE_TESTS_FALSE=''
USE_TESTS_TRUE='#'
VERSION='0.1'
_ACJNI_JAVAC=''
ac_ct_AR=''
ac_ct_CC=''
ac_ct_CC_FOR_BUILD='gcc'
ac_ct_DUMPBIN=''
am__EXEEXT_FALSE=''
am__EXEEXT_TRUE='#'
am__fastdepCCAS_FALSE='#'
am__fastdepCCAS_TRUE=''
am__fastdepCC_FALSE='#'
am__fastdepCC_TRUE=''
am__include='include'
am__isrc=''
am__leading_dot='.'
am__nodep='_no'
am__quote=''
am__tar='$${TAR-tar} chof - "$$tardir"'
am__untar='$${TAR-tar} xf -'
bindir='${exec_prefix}/bin'
build='x86_64-pc-linux-gnu'
build_alias=''
build_cpu='x86_64'
build_os='linux-gnu'
build_vendor='pc'
datadir='${datarootdir}'
datarootdir='${prefix}/share'
docdir='${datarootdir}/doc/${PACKAGE_TARNAME}'
dvidir='${docdir}'
exec_prefix='${prefix}'
host='x86_64-apple-darwin11'
host_alias='x86_64-apple-darwin11'
host_cpu='x86_64'
host_os='darwin11'
host_vendor='apple'
htmldir='${docdir}'
includedir='${prefix}/include'
infodir='${datarootdir}/info'
install_sh='${SHELL} /home/freelancer/ttm-17/src/secp256k1/build-aux/install-sh'
libdir='${exec_prefix}/lib'
libexecdir='${exec_prefix}/libexec'
localedir='${datarootdir}/locale'
localstatedir='${prefix}/var'
mandir='${datarootdir}/man'
mkdir_p='$(MKDIR_P)'
oldincludedir='/usr/include'
pdfdir='${docdir}'
prefix='/'
program_transform_name='s,x,x,'
psdir='${docdir}'
runstatedir='${localstatedir}/run'
sbindir='${exec_prefix}/sbin'
sharedstatedir='${prefix}/com'
sysconfdir='${prefix}/etc'
target_alias=''

## ----------- ##
## confdefs.h. ##
## ----------- ##

/* confdefs.h */
#define PACKAGE_NAME "libsecp256k1"
#define PACKAGE_TARNAME "libsecp256k1"
#define PACKAGE_VERSION "0.1"
#define PACKAGE_STRING "libsecp256k1 0.1"
#define PACKAGE_BUGREPORT ""
#define PACKAGE_URL ""
#define PACKAGE "libsecp256k1"
#define VERSION "0.1"
#define STDC_HEADERS 1
#define HAVE_SYS_TYPES_H 1
#define HAVE_SYS_STAT_H 1
#define HAVE_STDLIB_H 1
#define HAVE_STRING_H 1
#define HAVE_MEMORY_H 1
#define HAVE_STRINGS_H 1
#define HAVE_INTTYPES_H 1
#define HAVE_STDINT_H 1
#define HAVE_UNISTD_H 1
#define HAVE_DLFCN_H 1
#define LT_OBJDIR ".libs/"
#define HAVE___INT128 1
#define USE_ASM_X86_64 1
#define USE_FIELD_5X52 1
#define USE_NUM_NONE 1
#define USE_FIELD_INV_BUILTIN 1
#define USE_SCALAR_INV_BUILTIN 1
#define USE_SCALAR_4X64 1
#define USE_ECMULT_STATIC_PRECOMPUTATION 1
#define ENABLE_MODULE_RECOVERY 1

configure: exit 0
